0 silly input [ '@worldsibu/convector-core-controller' ]
1 silly flags { _: [ 'add' ],
1 silly flags   'reject-cycles': false,
1 silly flags   rejectCycles: false,
1 silly flags   dev: false,
1 silly flags   D: false,
1 silly flags   save: true,
1 silly flags   scope: '@worldsibu/paintingRegistry',
1 silly flags   args: [ '@worldsibu/convector-core-controller' ] }
2 verbose rootPath /Users/josueg/web/blockchain/blockchain-paintings
3 info version 2.11.0
4 silly isInitialized
5 silly isInitialized true
6 silly existsSync /Users/josueg/web/blockchain/blockchain-paintings/VERSION
7 info scope @worldsibu/paintingRegistry
8 error EPACKAGES Errored while collecting packages and package graph
9 error Error: No packages found that match scope '@worldsibu/paintingRegistry'
9 error     at Function.filterPackages (/usr/local/lib/node_modules/lerna/lib/PackageUtilities.js:252:17)
9 error     at AddCommand.runPreparations (/usr/local/lib/node_modules/lerna/lib/Command.js:333:60)
9 error     at /usr/local/lib/node_modules/lerna/lib/Command.js:209:18
9 error     at new Promise (<anonymous>)
9 error     at AddCommand.run (/usr/local/lib/node_modules/lerna/lib/Command.js:193:14)
9 error     at Object.handler (/usr/local/lib/node_modules/lerna/lib/commands/AddCommand.js:79:14)
9 error     at Object.self.runCommand (/usr/local/lib/node_modules/lerna/node_modules/yargs/lib/command.js:233:22)
9 error     at Object.Yargs.self._parseArgs (/usr/local/lib/node_modules/lerna/node_modules/yargs/yargs.js:990:30)
9 error     at Object.Yargs.self.parse (/usr/local/lib/node_modules/lerna/node_modules/yargs/yargs.js:532:23)
